16:28:55.582 [main] INFO  com.boot.BootApplicationTests - Starting BootApplicationTests on ts24-nvhuyen with PID 1112 (started by huyennv in D:\Java\workspace\spring\spring-boot\boot)
16:28:55.585 [main] INFO  com.boot.BootApplicationTests - No active profile set, falling back to default profiles: default
16:28:56.669 [main] INFO  o.s.d.r.c.RepositoryConfigurationDelegate - Bootstrapping Spring Data repositories in DEFAULT mode.
16:28:56.698 [main] INFO  o.s.d.r.c.RepositoryConfigurationDelegate - Finished Spring Data repository scanning in 18ms. Found 0 repository interfaces.
16:28:57.178 [main] INFO  o.s.c.s.PostProcessorRegistrationDelegate$BeanPostProcessorChecker - Bean 'org.springframework.transaction.annotation.ProxyTransactionManagementConfiguration' of type [org.springframework.transaction.annotation.ProxyTransactionManagementConfiguration$$EnhancerBySpringCGLIB$$df85cf04] is not eligible for getting processed by all BeanPostProcessors (for example: not eligible for auto-proxying)
16:28:57.420 [main] INFO  com.zaxxer.hikari.HikariDataSource - HikariPool-1 - Starting...
16:28:57.607 [main] INFO  com.zaxxer.hikari.HikariDataSource - HikariPool-1 - Start completed.
16:28:58.447 [main] INFO  o.s.o.j.LocalContainerEntityManagerFactoryBean - Initialized JPA EntityManagerFactory for persistence unit 'default'
16:28:59.170 [main] INFO  o.s.s.c.ThreadPoolTaskExecutor - Initializing ExecutorService 'applicationTaskExecutor'
16:28:59.236 [main] WARN  o.s.b.a.o.j.JpaBaseConfiguration$JpaWebConfiguration$JpaWebMvcConfiguration - spring.jpa.open-in-view is enabled by default. Therefore, database queries may be performed during view rendering. Explicitly configure spring.jpa.open-in-view to disable this warning
16:28:59.725 [main] INFO  o.s.b.a.s.s.UserDetailsServiceAutoConfiguration - 

Using generated security password: e6353400-e069-4494-b807-f8ed66c13865

16:28:59.996 [main] INFO  o.s.s.web.DefaultSecurityFilterChain - Creating filter chain: any request, [org.springframework.security.web.context.request.async.WebAsyncManagerIntegrationFilter@7db40fd5, org.springframework.security.web.context.SecurityContextPersistenceFilter@54c60202, org.springframework.security.web.header.HeaderWriterFilter@35cec305, org.springframework.security.web.csrf.CsrfFilter@4b41587d, org.springframework.security.web.authentication.logout.LogoutFilter@2ee39e73, org.springframework.security.web.authentication.UsernamePasswordAuthenticationFilter@739831a4, org.springframework.security.web.authentication.ui.DefaultLoginPageGeneratingFilter@5eb0a686, org.springframework.security.web.authentication.ui.DefaultLogoutPageGeneratingFilter@5e1a5f, org.springframework.security.web.authentication.www.BasicAuthenticationFilter@7fe8c7db, org.springframework.security.web.savedrequest.RequestCacheAwareFilter@1e545821, org.springframework.security.web.servletapi.SecurityContextHolderAwareRequestFilter@480cbe2e, org.springframework.security.web.authentication.AnonymousAuthenticationFilter@31b0f02, org.springframework.security.web.session.SessionManagementFilter@491cafec, org.springframework.security.web.access.ExceptionTranslationFilter@33e0c716, org.springframework.security.web.access.intercept.FilterSecurityInterceptor@195113de]
16:29:00.184 [main] INFO  com.boot.BootApplicationTests - Started BootApplicationTests in 4.969 seconds (JVM running for 5.974)
16:29:00.329 [Thread-2] INFO  o.s.s.c.ThreadPoolTaskExecutor - Shutting down ExecutorService 'applicationTaskExecutor'
16:29:00.330 [Thread-2] INFO  o.s.o.j.LocalContainerEntityManagerFactoryBean - Closing JPA EntityManagerFactory for persistence unit 'default'
16:29:00.333 [Thread-2] INFO  com.zaxxer.hikari.HikariDataSource - HikariPool-1 - Shutdown initiated...
16:29:00.361 [Thread-2] INFO  com.zaxxer.hikari.HikariDataSource - HikariPool-1 - Shutdown completed.
16:30:20.202 [main] INFO  com.boot.BootApplicationTests - Starting BootApplicationTests on ts24-nvhuyen with PID 3316 (started by huyennv in D:\Java\workspace\spring\spring-boot\boot)
16:30:20.205 [main] INFO  com.boot.BootApplicationTests - No active profile set, falling back to default profiles: default
16:30:21.240 [main] INFO  o.s.d.r.c.RepositoryConfigurationDelegate - Bootstrapping Spring Data repositories in DEFAULT mode.
16:30:21.273 [main] INFO  o.s.d.r.c.RepositoryConfigurationDelegate - Finished Spring Data repository scanning in 19ms. Found 0 repository interfaces.
16:30:21.718 [main] INFO  o.s.c.s.PostProcessorRegistrationDelegate$BeanPostProcessorChecker - Bean 'org.springframework.transaction.annotation.ProxyTransactionManagementConfiguration' of type [org.springframework.transaction.annotation.ProxyTransactionManagementConfiguration$$EnhancerBySpringCGLIB$$d2296d36] is not eligible for getting processed by all BeanPostProcessors (for example: not eligible for auto-proxying)
16:30:22.021 [main] INFO  com.zaxxer.hikari.HikariDataSource - HikariPool-1 - Starting...
16:30:22.262 [main] INFO  com.zaxxer.hikari.HikariDataSource - HikariPool-1 - Start completed.
16:30:22.998 [main] INFO  o.s.o.j.LocalContainerEntityManagerFactoryBean - Initialized JPA EntityManagerFactory for persistence unit 'default'
16:30:23.689 [main] INFO  o.s.s.c.ThreadPoolTaskExecutor - Initializing ExecutorService 'applicationTaskExecutor'
16:30:23.765 [main] WARN  o.s.b.a.o.j.JpaBaseConfiguration$JpaWebConfiguration$JpaWebMvcConfiguration - spring.jpa.open-in-view is enabled by default. Therefore, database queries may be performed during view rendering. Explicitly configure spring.jpa.open-in-view to disable this warning
16:30:24.281 [main] INFO  o.s.b.a.s.s.UserDetailsServiceAutoConfiguration - 

Using generated security password: 5a3e81c8-49a7-4f5b-8c88-89dbdb8d8a0b

16:30:24.536 [main] INFO  o.s.s.web.DefaultSecurityFilterChain - Creating filter chain: any request, [org.springframework.security.web.context.request.async.WebAsyncManagerIntegrationFilter@8c12524, org.springframework.security.web.context.SecurityContextPersistenceFilter@6c3f1658, org.springframework.security.web.header.HeaderWriterFilter@446e7065, org.springframework.security.web.csrf.CsrfFilter@50b734c4, org.springframework.security.web.authentication.logout.LogoutFilter@20cdb152, org.springframework.security.web.authentication.UsernamePasswordAuthenticationFilter@5e1a5f, org.springframework.security.web.authentication.ui.DefaultLoginPageGeneratingFilter@13866329, org.springframework.security.web.authentication.ui.DefaultLogoutPageGeneratingFilter@f723cdb, org.springframework.security.web.authentication.www.BasicAuthenticationFilter@9fe720a, org.springframework.security.web.savedrequest.RequestCacheAwareFilter@5eb0a686, org.springframework.security.web.servletapi.SecurityContextHolderAwareRequestFilter@1625789b, org.springframework.security.web.authentication.AnonymousAuthenticationFilter@4844930a, org.springframework.security.web.session.SessionManagementFilter@3b78c683, org.springframework.security.web.access.ExceptionTranslationFilter@76a7fcbd, org.springframework.security.web.access.intercept.FilterSecurityInterceptor@38a4e2b0]
16:30:24.700 [main] INFO  com.boot.BootApplicationTests - Started BootApplicationTests in 4.882 seconds (JVM running for 5.736)
16:30:24.845 [Thread-2] INFO  o.s.s.c.ThreadPoolTaskExecutor - Shutting down ExecutorService 'applicationTaskExecutor'
16:30:24.846 [Thread-2] INFO  o.s.o.j.LocalContainerEntityManagerFactoryBean - Closing JPA EntityManagerFactory for persistence unit 'default'
16:30:24.853 [Thread-2] INFO  com.zaxxer.hikari.HikariDataSource - HikariPool-1 - Shutdown initiated...
16:30:24.889 [Thread-2] INFO  com.zaxxer.hikari.HikariDataSource - HikariPool-1 - Shutdown completed.
16:30:49.561 [main] INFO  com.boot.BootApplicationTests - Starting BootApplicationTests on ts24-nvhuyen with PID 10172 (started by huyennv in D:\Java\workspace\spring\spring-boot\boot)
16:30:49.566 [main] INFO  com.boot.BootApplicationTests - No active profile set, falling back to default profiles: default
16:30:50.847 [main] INFO  o.s.d.r.c.RepositoryConfigurationDelegate - Bootstrapping Spring Data repositories in DEFAULT mode.
16:30:50.875 [main] INFO  o.s.d.r.c.RepositoryConfigurationDelegate - Finished Spring Data repository scanning in 16ms. Found 0 repository interfaces.
16:30:51.397 [main] INFO  o.s.c.s.PostProcessorRegistrationDelegate$BeanPostProcessorChecker - Bean 'org.springframework.transaction.annotation.ProxyTransactionManagementConfiguration' of type [org.springframework.transaction.annotation.ProxyTransactionManagementConfiguration$$EnhancerBySpringCGLIB$$d2296d36] is not eligible for getting processed by all BeanPostProcessors (for example: not eligible for auto-proxying)
16:30:51.775 [main] INFO  com.zaxxer.hikari.HikariDataSource - HikariPool-1 - Starting...
16:30:52.020 [main] INFO  com.zaxxer.hikari.HikariDataSource - HikariPool-1 - Start completed.
16:30:52.770 [main] INFO  o.s.o.j.LocalContainerEntityManagerFactoryBean - Initialized JPA EntityManagerFactory for persistence unit 'default'
16:30:53.505 [main] INFO  o.s.s.c.ThreadPoolTaskExecutor - Initializing ExecutorService 'applicationTaskExecutor'
16:30:53.584 [main] WARN  o.s.b.a.o.j.JpaBaseConfiguration$JpaWebConfiguration$JpaWebMvcConfiguration - spring.jpa.open-in-view is enabled by default. Therefore, database queries may be performed during view rendering. Explicitly configure spring.jpa.open-in-view to disable this warning
16:30:54.085 [main] INFO  o.s.b.a.s.s.UserDetailsServiceAutoConfiguration - 

Using generated security password: f4a5fe13-4979-442d-b060-f1eeb6f86fd0

16:30:54.332 [main] INFO  o.s.s.web.DefaultSecurityFilterChain - Creating filter chain: any request, [org.springframework.security.web.context.request.async.WebAsyncManagerIntegrationFilter@8c12524, org.springframework.security.web.context.SecurityContextPersistenceFilter@6c3f1658, org.springframework.security.web.header.HeaderWriterFilter@446e7065, org.springframework.security.web.csrf.CsrfFilter@50b734c4, org.springframework.security.web.authentication.logout.LogoutFilter@20cdb152, org.springframework.security.web.authentication.UsernamePasswordAuthenticationFilter@5e1a5f, org.springframework.security.web.authentication.ui.DefaultLoginPageGeneratingFilter@13866329, org.springframework.security.web.authentication.ui.DefaultLogoutPageGeneratingFilter@f723cdb, org.springframework.security.web.authentication.www.BasicAuthenticationFilter@9fe720a, org.springframework.security.web.savedrequest.RequestCacheAwareFilter@5eb0a686, org.springframework.security.web.servletapi.SecurityContextHolderAwareRequestFilter@1625789b, org.springframework.security.web.authentication.AnonymousAuthenticationFilter@4844930a, org.springframework.security.web.session.SessionManagementFilter@3b78c683, org.springframework.security.web.access.ExceptionTranslationFilter@76a7fcbd, org.springframework.security.web.access.intercept.FilterSecurityInterceptor@38a4e2b0]
16:30:54.509 [main] INFO  com.boot.BootApplicationTests - Started BootApplicationTests in 5.413 seconds (JVM running for 6.668)
16:30:54.661 [Thread-2] INFO  o.s.s.c.ThreadPoolTaskExecutor - Shutting down ExecutorService 'applicationTaskExecutor'
16:30:54.663 [Thread-2] INFO  o.s.o.j.LocalContainerEntityManagerFactoryBean - Closing JPA EntityManagerFactory for persistence unit 'default'
16:30:54.670 [Thread-2] INFO  com.zaxxer.hikari.HikariDataSource - HikariPool-1 - Shutdown initiated...
16:30:54.686 [Thread-2] INFO  com.zaxxer.hikari.HikariDataSource - HikariPool-1 - Shutdown completed.
16:32:16.479 [main] INFO  com.boot.BootApplication - Starting BootApplication on ts24-nvhuyen with PID 12184 (D:\Java\workspace\spring\spring-boot\boot\target\classes started by huyennv in D:\Java\workspace\spring\spring-boot\boot)
16:32:16.487 [main] INFO  com.boot.BootApplication - No active profile set, falling back to default profiles: default
16:32:17.218 [main] INFO  o.s.d.r.c.RepositoryConfigurationDelegate - Bootstrapping Spring Data repositories in DEFAULT mode.
16:32:17.299 [main] INFO  o.s.d.r.c.RepositoryConfigurationDelegate - Finished Spring Data repository scanning in 69ms. Found 1 repository interfaces.
16:32:17.692 [main] INFO  o.s.c.s.PostProcessorRegistrationDelegate$BeanPostProcessorChecker - Bean 'org.springframework.transaction.annotation.ProxyTransactionManagementConfiguration' of type [org.springframework.transaction.annotation.ProxyTransactionManagementConfiguration$$EnhancerBySpringCGLIB$$d92840b5] is not eligible for getting processed by all BeanPostProcessors (for example: not eligible for auto-proxying)
16:32:17.963 [main] INFO  o.s.b.w.e.tomcat.TomcatWebServer - Tomcat initialized with port(s): 8081 (http)
16:32:17.985 [main] INFO  o.a.catalina.core.StandardService - Starting service [Tomcat]
16:32:17.986 [main] INFO  o.a.catalina.core.StandardEngine - Starting Servlet engine: [Apache Tomcat/9.0.24]
16:32:18.114 [main] INFO  o.a.c.c.C.[Tomcat].[localhost].[/] - Initializing Spring embedded WebApplicationContext
16:32:18.115 [main] INFO  o.s.web.context.ContextLoader - Root WebApplicationContext: initialization completed in 1566 ms
16:32:18.283 [main] INFO  com.zaxxer.hikari.HikariDataSource - HikariPool-1 - Starting...
16:32:18.401 [main] INFO  com.zaxxer.hikari.HikariDataSource - HikariPool-1 - Start completed.
16:32:19.373 [main] INFO  o.s.o.j.LocalContainerEntityManagerFactoryBean - Initialized JPA EntityManagerFactory for persistence unit 'default'
16:32:20.072 [main] INFO  o.s.s.web.DefaultSecurityFilterChain - Creating filter chain: any request, [org.springframework.security.web.context.request.async.WebAsyncManagerIntegrationFilter@1430ea8, org.springframework.security.web.context.SecurityContextPersistenceFilter@78177b, org.springframework.security.web.header.HeaderWriterFilter@16d424d, org.springframework.security.web.authentication.logout.LogoutFilter@1b08b17, com.boot.filter.JWTLoginFilter@19f072c, com.boot.filter.JWTAuthFilter@456506, org.springframework.security.web.savedrequest.RequestCacheAwareFilter@c37a42, org.springframework.security.web.servletapi.SecurityContextHolderAwareRequestFilter@11f056a, org.springframework.security.web.authentication.AnonymousAuthenticationFilter@1944a90, org.springframework.security.web.session.SessionManagementFilter@11b01c5, org.springframework.security.web.access.ExceptionTranslationFilter@83031d, org.springframework.security.web.access.intercept.FilterSecurityInterceptor@bd8bcd]
16:32:20.280 [main] INFO  o.s.s.c.ThreadPoolTaskExecutor - Initializing ExecutorService 'applicationTaskExecutor'
16:32:20.330 [main] WARN  o.s.b.a.o.j.JpaBaseConfiguration$JpaWebConfiguration$JpaWebMvcConfiguration - spring.jpa.open-in-view is enabled by default. Therefore, database queries may be performed during view rendering. Explicitly configure spring.jpa.open-in-view to disable this warning
16:32:20.489 [main] INFO  o.s.s.c.ThreadPoolTaskScheduler - Initializing ExecutorService 'taskScheduler'
16:32:20.640 [main] INFO  o.s.b.w.e.tomcat.TomcatWebServer - Tomcat started on port(s): 8081 (http) with context path ''
16:32:20.642 [main] INFO  com.boot.BootApplication - Started BootApplication in 4.535 seconds (JVM running for 5.238)
16:33:25.977 [RMI TCP Connection(10)-127.0.0.1] INFO  o.s.b.a.SpringApplicationAdminMXBeanRegistrar$SpringApplicationAdmin - Application shutdown requested.
16:33:25.980 [RMI TCP Connection(10)-127.0.0.1] INFO  o.s.s.c.ThreadPoolTaskScheduler - Shutting down ExecutorService 'taskScheduler'
16:33:25.982 [RMI TCP Connection(10)-127.0.0.1] INFO  o.s.s.c.ThreadPoolTaskExecutor - Shutting down ExecutorService 'applicationTaskExecutor'
16:33:25.983 [RMI TCP Connection(10)-127.0.0.1] INFO  o.s.o.j.LocalContainerEntityManagerFactoryBean - Closing JPA EntityManagerFactory for persistence unit 'default'
16:33:25.985 [RMI TCP Connection(10)-127.0.0.1] INFO  com.zaxxer.hikari.HikariDataSource - HikariPool-1 - Shutdown initiated...
16:33:25.989 [RMI TCP Connection(10)-127.0.0.1] INFO  com.zaxxer.hikari.HikariDataSource - HikariPool-1 - Shutdown completed.
16:33:32.594 [main] INFO  com.boot.BootApplication - Starting BootApplication on ts24-nvhuyen with PID 11696 (D:\Java\workspace\spring\spring-boot\boot\target\classes started by huyennv in D:\Java\workspace\spring\spring-boot\boot)
16:33:32.598 [main] INFO  com.boot.BootApplication - No active profile set, falling back to default profiles: default
16:33:33.333 [main] INFO  o.s.d.r.c.RepositoryConfigurationDelegate - Bootstrapping Spring Data repositories in DEFAULT mode.
16:33:33.414 [main] INFO  o.s.d.r.c.RepositoryConfigurationDelegate - Finished Spring Data repository scanning in 68ms. Found 1 repository interfaces.
16:33:33.822 [main] INFO  o.s.c.s.PostProcessorRegistrationDelegate$BeanPostProcessorChecker - Bean 'org.springframework.transaction.annotation.ProxyTransactionManagementConfiguration' of type [org.springframework.transaction.annotation.ProxyTransactionManagementConfiguration$$EnhancerBySpringCGLIB$$cb387f26] is not eligible for getting processed by all BeanPostProcessors (for example: not eligible for auto-proxying)
16:33:34.086 [main] INFO  o.s.b.w.e.tomcat.TomcatWebServer - Tomcat initialized with port(s): 8081 (http)
16:33:34.116 [main] INFO  o.a.catalina.core.StandardService - Starting service [Tomcat]
16:33:34.116 [main] INFO  o.a.catalina.core.StandardEngine - Starting Servlet engine: [Apache Tomcat/9.0.24]
16:33:34.236 [main] INFO  o.a.c.c.C.[Tomcat].[localhost].[/] - Initializing Spring embedded WebApplicationContext
16:33:34.236 [main] INFO  o.s.web.context.ContextLoader - Root WebApplicationContext: initialization completed in 1571 ms
16:33:34.414 [main] INFO  com.zaxxer.hikari.HikariDataSource - HikariPool-1 - Starting...
16:33:34.555 [main] INFO  com.zaxxer.hikari.HikariDataSource - HikariPool-1 - Start completed.
16:33:35.539 [main] INFO  o.s.o.j.LocalContainerEntityManagerFactoryBean - Initialized JPA EntityManagerFactory for persistence unit 'default'
16:33:36.243 [main] INFO  o.s.s.web.DefaultSecurityFilterChain - Creating filter chain: any request, [org.springframework.security.web.context.request.async.WebAsyncManagerIntegrationFilter@f33b2, org.springframework.security.web.context.SecurityContextPersistenceFilter@53b822, org.springframework.security.web.header.HeaderWriterFilter@74da1d, org.springframework.security.web.authentication.logout.LogoutFilter@4c7e51, com.boot.filter.JWTLoginFilter@11e85df, com.boot.filter.JWTAuthFilter@c3a0ef, org.springframework.security.web.savedrequest.RequestCacheAwareFilter@1cc2e3e, org.springframework.security.web.servletapi.SecurityContextHolderAwareRequestFilter@1499643, org.springframework.security.web.authentication.AnonymousAuthenticationFilter@1b4f1eb, org.springframework.security.web.session.SessionManagementFilter@55eeb9, org.springframework.security.web.access.ExceptionTranslationFilter@6b300a, org.springframework.security.web.access.intercept.FilterSecurityInterceptor@caad07]
16:33:36.454 [main] INFO  o.s.s.c.ThreadPoolTaskExecutor - Initializing ExecutorService 'applicationTaskExecutor'
16:33:36.505 [main] WARN  o.s.b.a.o.j.JpaBaseConfiguration$JpaWebConfiguration$JpaWebMvcConfiguration - spring.jpa.open-in-view is enabled by default. Therefore, database queries may be performed during view rendering. Explicitly configure spring.jpa.open-in-view to disable this warning
16:33:36.665 [main] INFO  o.s.s.c.ThreadPoolTaskScheduler - Initializing ExecutorService 'taskScheduler'
16:33:36.746 [main] INFO  o.s.b.w.e.tomcat.TomcatWebServer - Tomcat started on port(s): 8081 (http) with context path ''
16:33:36.748 [main] INFO  com.boot.BootApplication - Started BootApplication in 4.517 seconds (JVM running for 5.138)
