16:39:40.278 [main] INFO  com.boot.BootAllApplication - Starting BootAllApplication on ts24-nvhuyen with PID 13880 (D:\Java\workspace\spring\spring-boot\boot-all\target\classes started by huyennv in D:\Java\workspace\spring\spring-boot\boot-all)
16:39:40.281 [main] INFO  com.boot.BootAllApplication - No active profile set, falling back to default profiles: default
16:39:41.032 [main] INFO  o.s.d.r.c.RepositoryConfigurationDelegate - Bootstrapping Spring Data repositories in DEFAULT mode.
16:39:41.113 [main] INFO  o.s.d.r.c.RepositoryConfigurationDelegate - Finished Spring Data repository scanning in 69ms. Found 1 repository interfaces.
16:39:41.507 [main] INFO  o.s.c.s.PostProcessorRegistrationDelegate$BeanPostProcessorChecker - Bean 'org.springframework.transaction.annotation.ProxyTransactionManagementConfiguration' of type [org.springframework.transaction.annotation.ProxyTransactionManagementConfiguration$$EnhancerBySpringCGLIB$$3c1595e3] is not eligible for getting processed by all BeanPostProcessors (for example: not eligible for auto-proxying)
16:39:41.779 [main] INFO  o.s.b.w.e.tomcat.TomcatWebServer - Tomcat initialized with port(s): 8081 (http)
16:39:41.801 [main] INFO  o.a.catalina.core.StandardService - Starting service [Tomcat]
16:39:41.802 [main] INFO  o.a.catalina.core.StandardEngine - Starting Servlet engine: [Apache Tomcat/9.0.24]
16:39:41.928 [main] INFO  o.a.c.c.C.[Tomcat].[localhost].[/] - Initializing Spring embedded WebApplicationContext
16:39:41.928 [main] INFO  o.s.web.context.ContextLoader - Root WebApplicationContext: initialization completed in 1577 ms
16:39:42.092 [main] INFO  com.zaxxer.hikari.HikariDataSource - HikariPool-1 - Starting...
16:39:42.220 [main] INFO  com.zaxxer.hikari.HikariDataSource - HikariPool-1 - Start completed.
16:39:43.201 [main] INFO  o.s.o.j.LocalContainerEntityManagerFactoryBean - Initialized JPA EntityManagerFactory for persistence unit 'default'
16:39:44.013 [main] INFO  o.s.s.web.DefaultSecurityFilterChain - Creating filter chain: any request, [org.springframework.security.web.context.request.async.WebAsyncManagerIntegrationFilter@1ba9949, org.springframework.security.web.context.SecurityContextPersistenceFilter@1964d0, org.springframework.security.web.header.HeaderWriterFilter@ebece0, org.springframework.security.web.authentication.logout.LogoutFilter@14c5283, com.boot.filter.JWTLoginFilter@7059f8, com.boot.filter.JWTAuthFilter@4fb110, org.springframework.security.web.savedrequest.RequestCacheAwareFilter@1b59d58, org.springframework.security.web.servletapi.SecurityContextHolderAwareRequestFilter@4ef4c0, org.springframework.security.web.authentication.AnonymousAuthenticationFilter@38e109, org.springframework.security.web.session.SessionManagementFilter@1c4b1a4, org.springframework.security.web.access.ExceptionTranslationFilter@13ccead, org.springframework.security.web.access.intercept.FilterSecurityInterceptor@b67366]
16:39:44.113 [main] INFO  o.s.s.c.ThreadPoolTaskExecutor - Initializing ExecutorService 'applicationTaskExecutor'
16:39:44.166 [main] WARN  o.s.b.a.o.j.JpaBaseConfiguration$JpaWebConfiguration$JpaWebMvcConfiguration - spring.jpa.open-in-view is enabled by default. Therefore, database queries may be performed during view rendering. Explicitly configure spring.jpa.open-in-view to disable this warning
16:39:44.329 [main] INFO  o.s.s.c.ThreadPoolTaskScheduler - Initializing ExecutorService 'taskScheduler'
16:39:44.479 [main] INFO  o.s.b.w.e.tomcat.TomcatWebServer - Tomcat started on port(s): 8081 (http) with context path ''
16:39:44.481 [main] INFO  com.boot.BootAllApplication - Started BootAllApplication in 4.569 seconds (JVM running for 5.213)
16:42:48.788 [main] INFO  com.boot.BootApplicationTests - Starting BootApplicationTests on ts24-nvhuyen with PID 15668 (started by huyennv in D:\Java\workspace\spring\spring-boot\boot-all)
16:42:48.790 [main] INFO  com.boot.BootApplicationTests - No active profile set, falling back to default profiles: default
16:42:49.782 [main] INFO  o.s.d.r.c.RepositoryConfigurationDelegate - Bootstrapping Spring Data repositories in DEFAULT mode.
16:42:49.875 [main] INFO  o.s.d.r.c.RepositoryConfigurationDelegate - Finished Spring Data repository scanning in 80ms. Found 1 repository interfaces.
16:42:50.395 [main] INFO  o.s.c.s.PostProcessorRegistrationDelegate$BeanPostProcessorChecker - Bean 'org.springframework.transaction.annotation.ProxyTransactionManagementConfiguration' of type [org.springframework.transaction.annotation.ProxyTransactionManagementConfiguration$$EnhancerBySpringCGLIB$$8ef375a4] is not eligible for getting processed by all BeanPostProcessors (for example: not eligible for auto-proxying)
16:42:50.635 [main] INFO  com.zaxxer.hikari.HikariDataSource - HikariPool-1 - Starting...
16:42:50.875 [main] INFO  com.zaxxer.hikari.HikariDataSource - HikariPool-1 - Start completed.
16:42:52.097 [main] INFO  o.s.o.j.LocalContainerEntityManagerFactoryBean - Initialized JPA EntityManagerFactory for persistence unit 'default'
16:42:53.389 [main] INFO  o.s.s.web.DefaultSecurityFilterChain - Creating filter chain: any request, [org.springframework.security.web.context.request.async.WebAsyncManagerIntegrationFilter@2c6927f0, org.springframework.security.web.context.SecurityContextPersistenceFilter@3611153f, org.springframework.security.web.header.HeaderWriterFilter@d49e8c6, org.springframework.security.web.authentication.logout.LogoutFilter@31c7c281, com.boot.filter.JWTLoginFilter@5ef2cbe6, com.boot.filter.JWTAuthFilter@266da047, org.springframework.security.web.savedrequest.RequestCacheAwareFilter@5238896f, org.springframework.security.web.servletapi.SecurityContextHolderAwareRequestFilter@6eeb29c0, org.springframework.security.web.authentication.AnonymousAuthenticationFilter@68b7bdcb, org.springframework.security.web.session.SessionManagementFilter@5896cb9c, org.springframework.security.web.access.ExceptionTranslationFilter@774f2992, org.springframework.security.web.access.intercept.FilterSecurityInterceptor@3688baab]
16:42:53.938 [main] INFO  o.s.s.c.ThreadPoolTaskExecutor - Initializing ExecutorService 'applicationTaskExecutor'
16:42:54.003 [main] WARN  o.s.b.a.o.j.JpaBaseConfiguration$JpaWebConfiguration$JpaWebMvcConfiguration - spring.jpa.open-in-view is enabled by default. Therefore, database queries may be performed during view rendering. Explicitly configure spring.jpa.open-in-view to disable this warning
16:42:54.392 [main] INFO  o.s.s.c.ThreadPoolTaskScheduler - Initializing ExecutorService 'taskScheduler'
16:42:54.469 [main] INFO  com.boot.BootApplicationTests - Started BootApplicationTests in 6.038 seconds (JVM running for 6.895)
16:42:54.618 [Thread-2] INFO  o.s.s.c.ThreadPoolTaskScheduler - Shutting down ExecutorService 'taskScheduler'
16:42:54.620 [Thread-2] INFO  o.s.s.c.ThreadPoolTaskExecutor - Shutting down ExecutorService 'applicationTaskExecutor'
16:42:54.622 [Thread-2] INFO  o.s.o.j.LocalContainerEntityManagerFactoryBean - Closing JPA EntityManagerFactory for persistence unit 'default'
16:42:54.627 [Thread-2] INFO  com.zaxxer.hikari.HikariDataSource - HikariPool-1 - Shutdown initiated...
16:42:54.641 [Thread-2] INFO  com.zaxxer.hikari.HikariDataSource - HikariPool-1 - Shutdown completed.
16:43:10.971 [RMI TCP Connection(12)-127.0.0.1] INFO  o.s.b.a.SpringApplicationAdminMXBeanRegistrar$SpringApplicationAdmin - Application shutdown requested.
16:43:10.975 [RMI TCP Connection(12)-127.0.0.1] INFO  o.s.s.c.ThreadPoolTaskScheduler - Shutting down ExecutorService 'taskScheduler'
16:43:10.976 [RMI TCP Connection(12)-127.0.0.1] INFO  o.s.s.c.ThreadPoolTaskExecutor - Shutting down ExecutorService 'applicationTaskExecutor'
16:43:10.977 [RMI TCP Connection(12)-127.0.0.1] INFO  o.s.o.j.LocalContainerEntityManagerFactoryBean - Closing JPA EntityManagerFactory for persistence unit 'default'
16:43:10.980 [RMI TCP Connection(12)-127.0.0.1] INFO  com.zaxxer.hikari.HikariDataSource - HikariPool-1 - Shutdown initiated...
16:43:10.984 [RMI TCP Connection(12)-127.0.0.1] INFO  com.zaxxer.hikari.HikariDataSource - HikariPool-1 - Shutdown completed.
16:45:03.281 [main] INFO  com.boot.BootApplication - Starting BootApplication on ts24-nvhuyen with PID 2124 (D:\Java\workspace\spring\spring-boot\boot-all\target\classes started by huyennv in D:\Java\workspace\spring\spring-boot\boot-all)
16:45:03.284 [main] INFO  com.boot.BootApplication - No active profile set, falling back to default profiles: default
16:45:04.049 [main] INFO  o.s.d.r.c.RepositoryConfigurationDelegate - Bootstrapping Spring Data repositories in DEFAULT mode.
16:45:04.128 [main] INFO  o.s.d.r.c.RepositoryConfigurationDelegate - Finished Spring Data repository scanning in 72ms. Found 1 repository interfaces.
16:45:04.510 [main] INFO  o.s.c.s.PostProcessorRegistrationDelegate$BeanPostProcessorChecker - Bean 'org.springframework.transaction.annotation.ProxyTransactionManagementConfiguration' of type [org.springframework.transaction.annotation.ProxyTransactionManagementConfiguration$$EnhancerBySpringCGLIB$$f9ee9a4a] is not eligible for getting processed by all BeanPostProcessors (for example: not eligible for auto-proxying)
16:45:04.760 [main] INFO  o.s.b.w.e.tomcat.TomcatWebServer - Tomcat initialized with port(s): 8081 (http)
16:45:04.790 [main] INFO  o.a.catalina.core.StandardService - Starting service [Tomcat]
16:45:04.790 [main] INFO  o.a.catalina.core.StandardEngine - Starting Servlet engine: [Apache Tomcat/9.0.24]
16:45:04.903 [main] INFO  o.a.c.c.C.[Tomcat].[localhost].[/] - Initializing Spring embedded WebApplicationContext
16:45:04.903 [main] INFO  o.s.web.context.ContextLoader - Root WebApplicationContext: initialization completed in 1553 ms
16:45:05.066 [main] INFO  com.zaxxer.hikari.HikariDataSource - HikariPool-1 - Starting...
16:45:05.228 [main] INFO  com.zaxxer.hikari.HikariDataSource - HikariPool-1 - Start completed.
16:45:06.117 [main] INFO  o.s.o.j.LocalContainerEntityManagerFactoryBean - Initialized JPA EntityManagerFactory for persistence unit 'default'
16:45:06.896 [main] INFO  o.s.s.web.DefaultSecurityFilterChain - Creating filter chain: any request, [org.springframework.security.web.context.request.async.WebAsyncManagerIntegrationFilter@fc6470, org.springframework.security.web.context.SecurityContextPersistenceFilter@1ac5752, org.springframework.security.web.header.HeaderWriterFilter@182ca56, org.springframework.security.web.authentication.logout.LogoutFilter@13ccead, com.boot.filter.JWTLoginFilter@f3a7f9, com.boot.filter.JWTAuthFilter@db955e, org.springframework.security.web.savedrequest.RequestCacheAwareFilter@1a86c53, org.springframework.security.web.servletapi.SecurityContextHolderAwareRequestFilter@d8831c, org.springframework.security.web.authentication.AnonymousAuthenticationFilter@1d2f039, org.springframework.security.web.session.SessionManagementFilter@58db42, org.springframework.security.web.access.ExceptionTranslationFilter@ae5580, org.springframework.security.web.access.intercept.FilterSecurityInterceptor@1d6267e]
16:45:06.993 [main] INFO  o.s.s.c.ThreadPoolTaskExecutor - Initializing ExecutorService 'applicationTaskExecutor'
16:45:07.029 [main] WARN  o.s.b.a.o.j.JpaBaseConfiguration$JpaWebConfiguration$JpaWebMvcConfiguration - spring.jpa.open-in-view is enabled by default. Therefore, database queries may be performed during view rendering. Explicitly configure spring.jpa.open-in-view to disable this warning
16:45:07.255 [main] INFO  o.s.s.c.ThreadPoolTaskScheduler - Initializing ExecutorService 'taskScheduler'
16:45:07.336 [main] INFO  o.s.b.w.e.tomcat.TomcatWebServer - Tomcat started on port(s): 8081 (http) with context path ''
16:45:07.338 [main] INFO  com.boot.BootApplication - Started BootApplication in 4.418 seconds (JVM running for 7.042)
